Jul  1 06:25:05 7060 CRON[254]: pam_unix(cron:session): session closed for user root
Jul  1 06:52:02 7060 CRON[380]: pam_env(cron:session): Unable to open env file: /etc/default/locale: No such file or directory
Jul  1 06:52:02 7060 CRON[380]: pam_unix(cron:session): session opened for user root by (uid=0)
Jul  1 06:52:02 7060 CRON[380]: pam_unix(cron:session): session closed for user root
Jul  1 07:17:01 7060 CRON[399]: pam_env(cron:session): Unable to open env file: /etc/default/locale: No such file or directory
Jul  1 07:17:01 7060 CRON[399]: pam_unix(cron:session): session opened for user root by (uid=0)
Jul  1 07:17:01 7060 CRON[399]: pam_unix(cron:session): session closed for user root
Jul  1 08:17:02 7060 CRON[426]: pam_env(cron:session): Unable to open env file: /etc/default/locale: No such file or directory
Jul  1 08:17:02 7060 CRON[426]: pam_unix(cron:session): session opened for user root by (uid=0)
Jul  1 08:17:02 7060 CRON[426]: pam_unix(cron:session): session closed for user root
Jul  1 09:17:01 7060 CRON[452]: pam_env(cron:session): Unable to open env file: /etc/default/locale: No such file or directory
Jul  1 09:17:01 7060 CRON[452]: pam_unix(cron:session): session opened for user root by (uid=0)
Jul  1 09:17:01 7060 CRON[452]: pam_unix(cron:session): session closed for user root
Jul  1 10:17:01 7060 CRON[478]: pam_env(cron:session): Unable to open env file: /etc/default/locale: No such file or directory
Jul  1 10:17:01 7060 CRON[478]: pam_unix(cron:session): session opened for user root by (uid=0)
Jul  1 10:17:01 7060 CRON[478]: pam_unix(cron:session): session closed for user root
Jul  1 11:17:01 7060 CRON[504]: pam_env(cron:session): Unable to open env file: /etc/default/locale: No such file or directory
Jul  1 11:17:01 7060 CRON[504]: pam_unix(cron:session): session opened for user root by (uid=0)
Jul  1 11:17:01 7060 CRON[504]: pam_unix(cron:session): session closed for user root
Jul  1 12:17:01 7060 CRON[531]: pam_env(cron:session): Unable to open env file: /etc/default/locale: No such file or directory
Jul  1 12:17:01 7060 CRON[531]: pam_unix(cron:session): session opened for user root by (uid=0)
Jul  1 12:17:01 7060 CRON[531]: pam_unix(cron:session): session closed for user root
Jul  1 13:17:01 7060 CRON[557]: pam_env(cron:session): Unable to open env file: /etc/default/locale: No such file or directory
Jul  1 13:17:01 7060 CRON[557]: pam_unix(cron:session): session opened for user root by (uid=0)
Jul  1 13:17:01 7060 CRON[557]: pam_unix(cron:session): session closed for user root
Jul  1 15:40:54 7060 systemd-logind[199]: Failed to add match for JobRemoved: Connection timed out
Jul  1 15:40:54 7060 systemd-logind[199]: Failed to fully start up daemon: Connection timed out
Jul  1 16:17:01 7060 CRON[217]: pam_env(cron:session): Unable to open env file: /etc/default/locale: No such file or directory
Jul  1 16:17:01 7060 CRON[217]: pam_unix(cron:session): session opened for user root by (uid=0)
Jul  1 16:17:01 7060 CRON[217]: pam_unix(cron:session): session closed for user root
Jul  1 17:17:02 7060 CRON[243]: pam_env(cron:session): Unable to open env file: /etc/default/locale: No such file or directory
Jul  1 17:17:02 7060 CRON[243]: pam_unix(cron:session): session opened for user root by (uid=0)
Jul  1 17:17:02 7060 CRON[243]: pam_unix(cron:session): session closed for user root
Jul  1 18:17:01 7060 CRON[269]: pam_env(cron:session): Unable to open env file: /etc/default/locale: No such file or directory
Jul  1 18:17:01 7060 CRON[269]: pam_unix(cron:session): session opened for user root by (uid=0)
Jul  1 18:17:01 7060 CRON[269]: pam_unix(cron:session): session closed for user root
Jul  1 19:17:01 7060 CRON[295]: pam_env(cron:session): Unable to open env file: /etc/default/locale: No such file or directory
Jul  1 19:17:01 7060 CRON[295]: pam_unix(cron:session): session opened for user root by (uid=0)
Jul  1 19:17:01 7060 CRON[295]: pam_unix(cron:session): session closed for user root
